0 info it worked if it ends with ok
1 verbose cli [ '/usr/local/bin/node',
1 verbose cli   '/usr/local/bin/npm',
1 verbose cli   'i',
1 verbose cli   '-g',
1 verbose cli   'node@4' ]
2 info using npm@2.14.19
3 info using node@v5.6.0
4 verbose install initial load of /usr/local/lib/package.json
5 verbose readDependencies loading dependencies from /usr/local/lib/package.json
6 silly cache add args [ 'node@4', null ]
7 verbose cache add spec node@4
8 silly cache add parsed spec Result {
8 silly cache add   raw: 'node@4',
8 silly cache add   scope: null,
8 silly cache add   name: 'node',
8 silly cache add   rawSpec: '4',
8 silly cache add   spec: '>=4.0.0 <5.0.0',
8 silly cache add   type: 'range' }
9 silly addNamed node@>=4.0.0 <5.0.0
10 verbose addNamed ">=4.0.0 <5.0.0" is a valid semver range for node
11 silly addNameRange { name: 'node', range: '>=4.0.0 <5.0.0', hasData: false }
12 silly mapToRegistry name node
13 silly mapToRegistry using default registry
14 silly mapToRegistry registry https://registry.npmjs.org/
15 silly mapToRegistry uri https://registry.npmjs.org/node
16 verbose addNameRange registry:https://registry.npmjs.org/node not in flight; fetching
17 verbose request uri https://registry.npmjs.org/node
18 verbose request no auth needed
19 info attempt registry request try #1 at 12:32:43
20 verbose request id 952fc8476d547ee4
21 http request GET https://registry.npmjs.org/node
22 http 200 https://registry.npmjs.org/node
23 verbose headers { server: 'CouchDB/1.5.0 (Erlang OTP/R16B03)',
23 verbose headers   etag: '"4RB0I162TMBFF7IWMPCBRMD3L"',
23 verbose headers   'content-type': 'application/json',
23 verbose headers   'cache-control': 'max-age=300',
23 verbose headers   'content-length': '1084',
23 verbose headers   'accept-ranges': 'bytes',
23 verbose headers   date: 'Sat, 13 Feb 2016 11:32:44 GMT',
23 verbose headers   via: '1.1 varnish',
23 verbose headers   age: '0',
23 verbose headers   connection: 'keep-alive',
23 verbose headers   'x-served-by': 'cache-lhr6332-LHR',
23 verbose headers   'x-cache': 'MISS',
23 verbose headers   'x-cache-hits': '0',
23 verbose headers   'x-timer': 'S1455363164.150292,VS0,VE651',
23 verbose headers   vary: 'Accept' }
24 silly get cb [ 200,
24 silly get   { server: 'CouchDB/1.5.0 (Erlang OTP/R16B03)',
24 silly get     etag: '"4RB0I162TMBFF7IWMPCBRMD3L"',
24 silly get     'content-type': 'application/json',
24 silly get     'cache-control': 'max-age=300',
24 silly get     'content-length': '1084',
24 silly get     'accept-ranges': 'bytes',
24 silly get     date: 'Sat, 13 Feb 2016 11:32:44 GMT',
24 silly get     via: '1.1 varnish',
24 silly get     age: '0',
24 silly get     connection: 'keep-alive',
24 silly get     'x-served-by': 'cache-lhr6332-LHR',
24 silly get     'x-cache': 'MISS',
24 silly get     'x-cache-hits': '0',
24 silly get     'x-timer': 'S1455363164.150292,VS0,VE651',
24 silly get     vary: 'Accept' } ]
25 verbose get saving node to /Users/gdangelo/.npm/registry.npmjs.org/node/.cache.json
26 verbose correctMkdir /Users/gdangelo/.npm correctMkdir not in flight; initializing
27 silly addNameRange number 2 { name: 'node', range: '>=4.0.0 <5.0.0', hasData: true }
28 silly addNameRange versions [ 'node', [ '0.0.0' ] ]
29 verbose stack Error: No compatible version found: node@'>=4.0.0 <5.0.0'
29 verbose stack Valid install targets:
29 verbose stack ["0.0.0"]
29 verbose stack
29 verbose stack     at installTargetsError (/usr/local/lib/node_modules/npm/lib/cache/add-named.js:284:12)
29 verbose stack     at next (/usr/local/lib/node_modules/npm/lib/cache/add-named.js:262:19)
29 verbose stack     at setData (/usr/local/lib/node_modules/npm/lib/cache/add-named.js:236:5)
29 verbose stack     at RES (/usr/local/lib/node_modules/npm/node_modules/inflight/inflight.js:23:14)
29 verbose stack     at f (/usr/local/lib/node_modules/npm/node_modules/once/once.js:17:25)
29 verbose stack     at fixName (/usr/local/lib/node_modules/npm/lib/cache/add-named.js:29:5)
29 verbose stack     at saved (/usr/local/lib/node_modules/npm/lib/cache/caching-client.js:173:7)
29 verbose stack     at /usr/local/lib/node_modules/npm/node_modules/graceful-fs/polyfills.js:210:7
29 verbose stack     at FSReqWrap.oncomplete (fs.js:82:15)
30 verbose cwd /Users/gdangelo/Projects/Angular2/angular2-todo
31 error Darwin 14.5.0
32 error argv "/usr/local/bin/node" "/usr/local/bin/npm" "i" "-g" "node@4"
33 error node v5.6.0
34 error npm  v2.14.19
35 error code ETARGET
36 error notarget No compatible version found: node@'>=4.0.0 <5.0.0'
36 error notarget Valid install targets:
36 error notarget ["0.0.0"]
36 error notarget
36 error notarget This is most likely not a problem with npm itself.
36 error notarget In most cases you or one of your dependencies are requesting
36 error notarget a package version that doesn't exist.
37 verbose exit [ 1, true ]
